[debug] [2017-10-15T22:05:38.886Z] ----------------------------------------------------------------------
[debug] [2017-10-15T22:05:38.888Z] Command:       /usr/local/Cellar/node/7.10.0/bin/node /usr/local/bin/firebase deploy
[debug] [2017-10-15T22:05:38.888Z] CLI Version:   3.13.1
[debug] [2017-10-15T22:05:38.888Z] Platform:      darwin
[debug] [2017-10-15T22:05:38.888Z] Node Version:  v7.10.0
[debug] [2017-10-15T22:05:38.889Z] Time:          Mon Oct 16 2017 00:05:38 GMT+0200 (CEST)
[debug] [2017-10-15T22:05:38.889Z] ----------------------------------------------------------------------
[debug] 
[debug] [2017-10-15T22:05:38.898Z] > command requires scopes: ["email","openid","https://www.googleapis.com/auth/cloudplatformprojects.readonly","https://www.googleapis.com/auth/firebase","https://www.googleapis.com/auth/cloud-platform"]
[debug] [2017-10-15T22:05:38.899Z] > authorizing via signed-in user
[debug] [2017-10-15T22:05:38.900Z] >>> HTTP REQUEST GET https://admin.firebase.com/v1/projects/kiikosite  
 Mon Oct 16 2017 00:05:38 GMT+0200 (CEST)
[debug] [2017-10-15T22:05:39.589Z] <<< HTTP RESPONSE 200
[debug] [2017-10-15T22:05:39.590Z] >>> HTTP REQUEST GET https://admin.firebase.com/v1/database/kiikosite/tokens  
 Mon Oct 16 2017 00:05:39 GMT+0200 (CEST)
[debug] [2017-10-15T22:05:40.253Z] <<< HTTP RESPONSE 200
[info] 1
[info] 
[info] === Deploying to 'kiikosite'...
[info] 
[info] i  deploying hosting
[info] i  hosting: preparing public directory for upload...
[debug] [2017-10-15T22:05:41.753Z] >>> HTTP REQUEST PUT https://deploy.firebase.com/v1/hosting/kiikosite/uploads/-KwX3Ynu6fmcFN2EVWbJ?fileCount=21&message=  
 Mon Oct 16 2017 00:05:41 GMT+0200 (CEST)
